# JRE version: Java(TM) SE Runtime Environment (8.0_25-b17) (build 1.8.0_25-b17)
# Java VM: Java HotSpot(TM) 64-Bit Server VM (25.25-b02 mixed mode linux-amd64 compressed oops)
Heap:
 def new generation   total 300672K, used 30720K [0x0000000083c00000, 0x0000000098240000, 0x00000000ad2a0000)
  eden space 267264K,  11% used [0x0000000083c00000, 0x0000000085a00030, 0x0000000094100000)
  from space 33408K,   0% used [0x0000000094100000, 0x0000000094100000, 0x00000000961a0000)
  to   space 33408K,   0% used [0x00000000961a0000, 0x00000000961a0000, 0x0000000098240000)
 tenured generation   total 883196K, used 882125K [0x00000000ad2a0000, 0x00000000e311f000, 0x0000000100000000)
   the space 883196K,  99% used [0x00000000ad2a0000, 0x00000000e3013710, 0x00000000e3013800, 0x00000000e311f000)
 Metaspace       used 7858K, capacity 8012K, committed 8192K, reserved 1056768K
  class space    used 906K, capacity 950K, committed 1024K, reserved 1048576K
GC Heap History (10 events):
Event: 22.114 GC heap after
Heap after GC invocations=11 (full 5):
 def new generation   total 62656K, used 0K [0x0000000083c00000, 0x0000000087ff0000, 0x00000000ad2a0000)
  eden space 55744K,   0% used [0x0000000083c00000, 0x0000000083c00000, 0x0000000087270000)
  from space 6912K,   0% used [0x0000000087930000, 0x0000000087930078, 0x0000000087ff0000)
  to   space 6912K,   0% used [0x0000000087270000, 0x0000000087270000, 0x0000000087930000)
 tenured generation   total 139004K, used 134600K [0x00000000ad2a0000, 0x00000000b5a5f000, 0x0000000100000000)
   the space 139004K,  96% used [0x00000000ad2a0000, 0x00000000b56121c8, 0x00000000b5612200, 0x00000000b5a5f000)
 Metaspace       used 7854K, capacity 8012K, committed 8192K, reserved 1056768K
  class space    used 906K, capacity 950K, committed 1024K, reserved 1048576K
}
Event: 22.623 GC heap before
{Heap before GC invocations=11 (full 5):
 def new generation   total 62656K, used 52070K [0x0000000083c00000, 0x0000000087ff0000, 0x00000000ad2a0000)
  eden space 55744K,  93% used [0x0000000083c00000, 0x0000000086ed98d0, 0x0000000087270000)
  from space 6912K,   0% used [0x0000000087930000, 0x0000000087930078, 0x0000000087ff0000)
  to   space 6912K,   0% used [0x0000000087270000, 0x0000000087270000, 0x0000000087930000)
 tenured generation   total 139004K, used 134600K [0x00000000ad2a0000, 0x00000000b5a5f000, 0x0000000100000000)
   the space 139004K,  96% used [0x00000000ad2a0000, 0x00000000b56121c8, 0x00000000b5612200, 0x00000000b5a5f000)
 Metaspace       used 7854K, capacity 8012K, committed 8192K, reserved 1056768K
  class space    used 906K, capacity 950K, committed 1024K, reserved 1048576K
Event: 22.681 GC heap after
Heap after GC invocations=12 (full 6):
 def new generation   total 139392K, used 0K [0x0000000083c00000, 0x000000008d340000, 0x00000000ad2a0000)
  eden space 123904K,   0% used [0x0000000083c00000, 0x0000000083c00000, 0x000000008b500000)
  from space 15488K,   0% used [0x000000008b500000, 0x000000008b500000, 0x000000008c420000)
  to   space 15488K,   0% used [0x000000008c420000, 0x000000008c420000, 0x000000008d340000)
 tenured generation   total 309668K, used 185800K [0x00000000ad2a0000, 0x00000000c0109000, 0x0000000100000000)
   the space 309668K,  59% used [0x00000000ad2a0000, 0x00000000b8812308, 0x00000000b8812400, 0x00000000c0109000)
 Metaspace       used 7854K, capacity 8012K, committed 8192K, reserved 1056768K
  class space    used 906K, capacity 950K, committed 1024K, reserved 1048576K
}
Event: 23.821 GC heap before
{Heap before GC invocations=12 (full 6):
 def new generation   total 139392K, used 115051K [0x0000000083c00000, 0x000000008d340000, 0x00000000ad2a0000)
  eden space 123904K,  92% used [0x0000000083c00000, 0x000000008ac5ad60, 0x000000008b500000)
  from space 15488K,   0% used [0x000000008b500000, 0x000000008b500000, 0x000000008c420000)
  to   space 15488K,   0% used [0x000000008c420000, 0x000000008c420000, 0x000000008d340000)
 tenured generation   total 309668K, used 185800K [0x00000000ad2a0000, 0x00000000c0109000, 0x0000000100000000)
   the space 309668K,  59% used [0x00000000ad2a0000, 0x00000000b8812308, 0x00000000b8812400, 0x00000000c0109000)
 Metaspace       used 7854K, capacity 8012K, committed 8192K, reserved 1056768K
  class space    used 906K, capacity 950K, committed 1024K, reserved 1048576K
Event: 24.110 GC heap after
Heap after GC invocations=13 (full 6):
 def new generation   total 139392K, used 10240K [0x0000000083c00000, 0x000000008d340000, 0x00000000ad2a0000)
  eden space 123904K,   0% used [0x0000000083c00000, 0x0000000083c00000, 0x000000008b500000)
  from space 15488K,  66% used [0x000000008c420000, 0x000000008ce20118, 0x000000008d340000)
  to   space 15488K,   0% used [0x000000008b500000, 0x000000008b500000, 0x000000008c420000)
 tenured generation   total 309668K, used 288200K [0x00000000ad2a0000, 0x00000000c0109000, 0x0000000100000000)
   the space 309668K,  93% used [0x00000000ad2a0000, 0x00000000bec123a8, 0x00000000bec12400, 0x00000000c0109000)
 Metaspace       used 7854K, capacity 8012K, committed 8192K, reserved 1056768K
  class space    used 906K, capacity 950K, committed 1024K, reserved 1048576K
}
Event: 25.230 GC heap before
{Heap before GC invocations=13 (full 6):
 def new generation   total 139392K, used 126029K [0x0000000083c00000, 0x000000008d340000, 0x00000000ad2a0000)
  eden space 123904K,  93% used [0x0000000083c00000, 0x000000008ad13598, 0x000000008b500000)
  from space 15488K,  66% used [0x000000008c420000, 0x000000008ce20118, 0x000000008d340000)
  to   space 15488K,   0% used [0x000000008b500000, 0x000000008b500000, 0x000000008c420000)
 tenured generation   total 309668K, used 288200K [0x00000000ad2a0000, 0x00000000c0109000, 0x0000000100000000)
   the space 309668K,  93% used [0x00000000ad2a0000, 0x00000000bec123a8, 0x00000000bec12400, 0x00000000c0109000)
 Metaspace       used 7856K, capacity 8012K, committed 8192K, reserved 1056768K
  class space    used 906K, capacity 950K, committed 1024K, reserved 1048576K
Event: 25.349 GC heap after
Heap after GC invocations=14 (full 7):
 def new generation   total 300672K, used 10240K [0x0000000083c00000, 0x0000000098240000, 0x00000000ad2a0000)
  eden space 267264K,   3% used [0x0000000083c00000, 0x0000000084600010, 0x0000000094100000)
  from space 33408K,   0% used [0x0000000094100000, 0x0000000094100000, 0x00000000961a0000)
  to   space 33408K,   0% used [0x00000000961a0000, 0x00000000961a0000, 0x0000000098240000)
 tenured generation   total 668072K, used 400841K [0x00000000ad2a0000, 0x00000000d5f0a000, 0x0000000100000000)
   the space 668072K,  59% used [0x00000000ad2a0000, 0x00000000c5a12790, 0x00000000c5a12800, 0x00000000d5f0a000)
 Metaspace       used 7856K, capacity 8012K, committed 8192K, reserved 1056768K
  class space    used 906K, capacity 950K, committed 1024K, reserved 1048576K
}
Event: 27.857 GC heap before
{Heap before GC invocations=14 (full 7):
 def new generation   total 300672K, used 261503K [0x0000000083c00000, 0x0000000098240000, 0x00000000ad2a0000)
  eden space 267264K,  97% used [0x0000000083c00000, 0x0000000093b5fd00, 0x0000000094100000)
  from space 33408K,   0% used [0x0000000094100000, 0x0000000094100000, 0x00000000961a0000)
  to   space 33408K,   0% used [0x00000000961a0000, 0x00000000961a0000, 0x0000000098240000)
 tenured generation   total 668072K, used 400841K [0x00000000ad2a0000, 0x00000000d5f0a000, 0x0000000100000000)
   the space 668072K,  59% used [0x00000000ad2a0000, 0x00000000c5a12790, 0x00000000c5a12800, 0x00000000d5f0a000)
 Metaspace       used 7858K, capacity 8012K, committed 8192K, reserved 1056768K
  class space    used 906K, capacity 950K, committed 1024K, reserved 1048576K
Event: 28.046 GC heap after
Heap after GC invocations=15 (full 7):
 def new generation   total 300672K, used 30722K [0x0000000083c00000, 0x0000000098240000, 0x00000000ad2a0000)
  eden space 267264K,   0% used [0x0000000083c00000, 0x0000000083c00000, 0x0000000094100000)
  from space 33408K,  91% used [0x00000000961a0000, 0x0000000097fa0a68, 0x0000000098240000)
  to   space 33408K,   0% used [0x0000000094100000, 0x0000000094100000, 0x00000000961a0000)
 tenured generation   total 668072K, used 626122K [0x00000000ad2a0000, 0x00000000d5f0a000, 0x0000000100000000)
   the space 668072K,  93% used [0x00000000ad2a0000, 0x00000000d36128f0, 0x00000000d3612a00, 0x00000000d5f0a000)
 Metaspace       used 7858K, capacity 8012K, committed 8192K, reserved 1056768K
  class space    used 906K, capacity 950K, committed 1024K, reserved 1048576K
}
Event: 30.591 GC heap before
{Heap before GC invocations=15 (full 7):
 def new generation   total 300672K, used 292439K [0x0000000083c00000, 0x0000000098240000, 0x00000000ad2a0000)
  eden space 267264K,  97% used [0x0000000083c00000, 0x0000000093b951d0, 0x0000000094100000)
  from space 33408K,  91% used [0x00000000961a0000, 0x0000000097fa0a68, 0x0000000098240000)
  to   space 33408K,   0% used [0x0000000094100000, 0x0000000094100000, 0x00000000961a0000)
 tenured generation   total 668072K, used 626122K [0x00000000ad2a0000, 0x00000000d5f0a000, 0x0000000100000000)
   the space 668072K,  93% used [0x00000000ad2a0000, 0x00000000d36128f0, 0x00000000d3612a00, 0x00000000d5f0a000)
 Metaspace       used 7858K, capacity 8012K, committed 8192K, reserved 1056768K
  class space    used 906K, capacity 950K, committed 1024K, reserved 1048576K

